# JRE version: Java(TM) SE Runtime Environment (17.0.9+11) (build 17.0.9+11-LTS-201)
# Java VM: Java HotSpot(TM) 64-Bit Server VM (17.0.9+11-LTS-201, mixed mode, emulated-client, tiered, compressed oops, compressed class ptrs, g1 gc, windows-amd64)
GC Precious Log:
 CPUs: 16 total, 16 available
 Memory: 15755M
 Large Page Support: Disabled
 NUMA Support: Disabled
 Compressed Oops: Enabled (Zero based)
 Heap Region Size: 2M
 Heap Min Capacity: 8M
 Heap Initial Capacity: 248M
 Heap Max Capacity: 3940M
 Pre-touch: Disabled
 Parallel Workers: 13
 Concurrent Workers: 3
 Concurrent Refinement Workers: 13
 Periodic GC: Disabled
Heap:
 garbage-first heap   total 49152K, used 19604K [0x0000000709c00000, 0x0000000800000000)
  region size 2048K, 2 young (4096K), 2 survivors (4096K)
 Metaspace       used 35527K, committed 35904K, reserved 1114112K
  class space    used 4503K, committed 4672K, reserved 1048576K
GC Heap History (19 events):
Event: 6.462 GC heap before
{Heap before GC invocations=0 (full 0):
 garbage-first heap   total 253952K, used 20480K [0x0000000709c00000, 0x0000000800000000)
  region size 2048K, 11 young (22528K), 0 survivors (0K)
 Metaspace       used 10968K, committed 11072K, reserved 1114112K
  class space    used 1111K, committed 1152K, reserved 1048576K
}
Event: 6.467 GC heap after
{Heap after GC invocations=1 (full 0):
 garbage-first heap   total 253952K, used 7154K [0x0000000709c00000, 0x0000000800000000)
  region size 2048K, 2 young (4096K), 2 survivors (4096K)
 Metaspace       used 10968K, committed 11072K, reserved 1114112K
  class space    used 1111K, committed 1152K, reserved 1048576K
}
Event: 7.262 GC heap before
{Heap before GC invocations=1 (full 0):
 garbage-first heap   total 253952K, used 29682K [0x0000000709c00000, 0x0000000800000000)
  region size 2048K, 13 young (26624K), 2 survivors (4096K)
 Metaspace       used 16559K, committed 16832K, reserved 1114112K
  class space    used 1923K, committed 2048K, reserved 1048576K
}
Event: 7.268 GC heap after
{Heap after GC invocations=2 (full 0):
 garbage-first heap   total 253952K, used 9278K [0x0000000709c00000, 0x0000000800000000)
  region size 2048K, 1 young (2048K), 1 survivors (2048K)
 Metaspace       used 16559K, committed 16832K, reserved 1114112K
  class space    used 1923K, committed 2048K, reserved 1048576K
}
Event: 7.585 GC heap before
{Heap before GC invocations=2 (full 0):
 garbage-first heap   total 253952K, used 25662K [0x0000000709c00000, 0x0000000800000000)
  region size 2048K, 11 young (22528K), 1 survivors (2048K)
 Metaspace       used 21338K, committed 21568K, reserved 1114112K
  class space    used 2473K, committed 2560K, reserved 1048576K
}
Event: 7.589 GC heap after
{Heap after GC invocations=3 (full 0):
 garbage-first heap   total 253952K, used 10597K [0x0000000709c00000, 0x0000000800000000)
  region size 2048K, 2 young (4096K), 2 survivors (4096K)
 Metaspace       used 21338K, committed 21568K, reserved 1114112K
  class space    used 2473K, committed 2560K, reserved 1048576K
}
Event: 8.211 GC heap before
{Heap before GC invocations=4 (full 0):
 garbage-first heap   total 49152K, used 33125K [0x0000000709c00000, 0x0000000800000000)
  region size 2048K, 14 young (28672K), 2 survivors (4096K)
 Metaspace       used 25394K, committed 25664K, reserved 1114112K
  class space    used 3032K, committed 3136K, reserved 1048576K
}
Event: 8.219 GC heap after
{Heap after GC invocations=5 (full 0):
 garbage-first heap   total 49152K, used 13074K [0x0000000709c00000, 0x0000000800000000)
  region size 2048K, 2 young (4096K), 2 survivors (4096K)
 Metaspace       used 25394K, committed 25664K, reserved 1114112K
  class space    used 3032K, committed 3136K, reserved 1048576K
}
Event: 8.283 GC heap before
{Heap before GC invocations=5 (full 0):
 garbage-first heap   total 49152K, used 15122K [0x0000000709c00000, 0x0000000800000000)
  region size 2048K, 3 young (6144K), 2 survivors (4096K)
 Metaspace       used 25563K, committed 25920K, reserved 1114112K
  class space    used 3055K, committed 3200K, reserved 1048576K
}
Event: 8.289 GC heap after
{Heap after GC invocations=6 (full 0):
 garbage-first heap   total 49152K, used 13373K [0x0000000709c00000, 0x0000000800000000)
  region size 2048K, 1 young (2048K), 1 survivors (2048K)
 Metaspace       used 25563K, committed 25920K, reserved 1114112K
  class space    used 3055K, committed 3200K, reserved 1048576K
}
Event: 8.773 GC heap before
{Heap before GC invocations=6 (full 0):
 garbage-first heap   total 49152K, used 29757K [0x0000000709c00000, 0x0000000800000000)
  region size 2048K, 9 young (18432K), 1 survivors (2048K)
 Metaspace       used 26282K, committed 26624K, reserved 1114112K
  class space    used 3179K, committed 3328K, reserved 1048576K
}
Event: 8.776 GC heap after
{Heap after GC invocations=7 (full 0):
 garbage-first heap   total 49152K, used 14488K [0x0000000709c00000, 0x0000000800000000)
  region size 2048K, 1 young (2048K), 1 survivors (2048K)
 Metaspace       used 26282K, committed 26624K, reserved 1114112K
  class space    used 3179K, committed 3328K, reserved 1048576K
}
Event: 9.316 GC heap before
{Heap before GC invocations=7 (full 0):
 garbage-first heap   total 49152K, used 30872K [0x0000000709c00000, 0x0000000800000000)
  region size 2048K, 9 young (18432K), 1 survivors (2048K)
 Metaspace       used 28194K, committed 28480K, reserved 1114112K
  class space    used 3451K, committed 3584K, reserved 1048576K
}
Event: 9.319 GC heap after
{Heap after GC invocations=8 (full 0):
 garbage-first heap   total 49152K, used 15561K [0x0000000709c00000, 0x0000000800000000)
  region size 2048K, 2 young (4096K), 2 survivors (4096K)
 Metaspace       used 28194K, committed 28480K, reserved 1114112K
  class space    used 3451K, committed 3584K, reserved 1048576K
}
Event: 9.906 GC heap before
{Heap before GC invocations=8 (full 0):
 garbage-first heap   total 49152K, used 31945K [0x0000000709c00000, 0x0000000800000000)
  region size 2048K, 10 young (20480K), 2 survivors (4096K)
 Metaspace       used 30395K, committed 30784K, reserved 1114112K
  class space    used 3783K, committed 3968K, reserved 1048576K
}
Event: 9.911 GC heap after
{Heap after GC invocations=9 (full 0):
 garbage-first heap   total 49152K, used 16887K [0x0000000709c00000, 0x0000000800000000)
  region size 2048K, 2 young (4096K), 2 survivors (4096K)
 Metaspace       used 30395K, committed 30784K, reserved 1114112K
  class space    used 3783K, committed 3968K, reserved 1048576K
}
Event: 10.415 GC heap before
{Heap before GC invocations=9 (full 0):
 garbage-first heap   total 49152K, used 31223K [0x0000000709c00000, 0x0000000800000000)
  region size 2048K, 9 young (18432K), 2 survivors (4096K)
 Metaspace       used 32823K, committed 33152K, reserved 1114112K
  class space    used 4136K, committed 4288K, reserved 1048576K
}
Event: 10.421 GC heap after
{Heap after GC invocations=10 (full 0):
 garbage-first heap   total 49152K, used 18318K [0x0000000709c00000, 0x0000000800000000)
  region size 2048K, 2 young (4096K), 2 survivors (4096K)
 Metaspace       used 32823K, committed 33152K, reserved 1114112K
  class space    used 4136K, committed 4288K, reserved 1048576K
}
Event: 11.085 GC heap before
{Heap before GC invocations=10 (full 0):
 garbage-first heap   total 49152K, used 34702K [0x0000000709c00000, 0x0000000800000000)
  region size 2048K, 10 young (20480K), 2 survivors (4096K)
 Metaspace       used 35527K, committed 35904K, reserved 1114112K
  class space    used 4503K, committed 4672K, reserved 1048576K
}

