# JRE version: Java(TM) SE Runtime Environment (21.0.1+12) (build 21.0.1+12-LTS-29)
# Java VM: Java HotSpot(TM) 64-Bit Server VM (21.0.1+12-LTS-29, mixed mode, emulated-client, sharing, tiered, compressed oops, compressed class ptrs, g1 gc, windows-amd64)
GC Precious Log:
 CardTable entry size: 512
 Card Set container configuration: InlinePtr #cards 4 size 8 Array Of Cards #cards 16 size 48 Howl #buckets 8 coarsen threshold 3686 Howl Bitmap #cards 512 size 80 coarsen threshold 460 Card regions per heap region 1 cards per card region 4096
 CPUs: 8 total, 8 available
 Memory: 12010M
 Large Page Support: Disabled
 NUMA Support: Disabled
 Compressed Oops: Enabled (Zero based)
 Heap Region Size: 2M
 Heap Min Capacity: 8M
 Heap Initial Capacity: 188M
 Heap Max Capacity: 3004M
 Pre-touch: Disabled
 Parallel Workers: 8
 Concurrent Workers: 2
 Concurrent Refinement Workers: 8
 Periodic GC: Disabled
Heap:
 garbage-first heap   total 61440K, used 33211K [0x0000000744400000, 0x0000000800000000)
  region size 2048K, 7 young (14336K), 2 survivors (4096K)
 Metaspace       used 47347K, committed 48000K, reserved 1114112K
  class space    used 6528K, committed 6848K, reserved 1048576K
GC Heap History (18 events):
Event: 0.975 GC heap before
{Heap before GC invocations=0 (full 0):
 garbage-first heap   total 192512K, used 20480K [0x0000000744400000, 0x0000000800000000)
  region size 2048K, 11 young (22528K), 0 survivors (0K)
 Metaspace       used 6323K, committed 6528K, reserved 1114112K
  class space    used 756K, committed 832K, reserved 1048576K
}
Event: 0.982 GC heap after
{Heap after GC invocations=1 (full 0):
 garbage-first heap   total 192512K, used 8640K [0x0000000744400000, 0x0000000800000000)
  region size 2048K, 2 young (4096K), 2 survivors (4096K)
 Metaspace       used 6323K, committed 6528K, reserved 1114112K
  class space    used 756K, committed 832K, reserved 1048576K
}
Event: 1.477 GC heap before
{Heap before GC invocations=1 (full 0):
 garbage-first heap   total 192512K, used 31168K [0x0000000744400000, 0x0000000800000000)
  region size 2048K, 14 young (28672K), 2 survivors (4096K)
 Metaspace       used 11382K, committed 11712K, reserved 1114112K
  class space    used 1497K, committed 1664K, reserved 1048576K
}
Event: 1.482 GC heap after
{Heap after GC invocations=2 (full 0):
 garbage-first heap   total 192512K, used 10888K [0x0000000744400000, 0x0000000800000000)
  region size 2048K, 2 young (4096K), 2 survivors (4096K)
 Metaspace       used 11382K, committed 11712K, reserved 1114112K
  class space    used 1497K, committed 1664K, reserved 1048576K
}
Event: 2.211 GC heap before
{Heap before GC invocations=2 (full 0):
 garbage-first heap   total 192512K, used 47752K [0x0000000744400000, 0x0000000800000000)
  region size 2048K, 21 young (43008K), 2 survivors (4096K)
 Metaspace       used 19727K, committed 20160K, reserved 1114112K
  class space    used 2631K, committed 2816K, reserved 1048576K
}
Event: 2.219 GC heap after
{Heap after GC invocations=3 (full 0):
 garbage-first heap   total 192512K, used 13887K [0x0000000744400000, 0x0000000800000000)
  region size 2048K, 3 young (6144K), 3 survivors (6144K)
 Metaspace       used 19727K, committed 20160K, reserved 1114112K
  class space    used 2631K, committed 2816K, reserved 1048576K
}
Event: 3.046 GC heap before
{Heap before GC invocations=4 (full 0):
 garbage-first heap   total 61440K, used 44607K [0x0000000744400000, 0x0000000800000000)
  region size 2048K, 18 young (36864K), 3 survivors (6144K)
 Metaspace       used 21847K, committed 22272K, reserved 1114112K
  class space    used 2933K, committed 3136K, reserved 1048576K
}
Event: 3.054 GC heap after
{Heap after GC invocations=5 (full 0):
 garbage-first heap   total 61440K, used 16243K [0x0000000744400000, 0x0000000800000000)
  region size 2048K, 3 young (6144K), 3 survivors (6144K)
 Metaspace       used 21847K, committed 22272K, reserved 1114112K
  class space    used 2933K, committed 3136K, reserved 1048576K
}
Event: 3.925 GC heap before
{Heap before GC invocations=5 (full 0):
 garbage-first heap   total 61440K, used 42867K [0x0000000744400000, 0x0000000800000000)
  region size 2048K, 16 young (32768K), 3 survivors (6144K)
 Metaspace       used 25520K, committed 25984K, reserved 1114112K
  class space    used 3465K, committed 3648K, reserved 1048576K
}
Event: 3.932 GC heap after
{Heap after GC invocations=6 (full 0):
 garbage-first heap   total 61440K, used 17718K [0x0000000744400000, 0x0000000800000000)
  region size 2048K, 2 young (4096K), 2 survivors (4096K)
 Metaspace       used 25520K, committed 25984K, reserved 1114112K
  class space    used 3465K, committed 3648K, reserved 1048576K
}
Event: 4.929 GC heap before
{Heap before GC invocations=6 (full 0):
 garbage-first heap   total 61440K, used 48438K [0x0000000744400000, 0x0000000800000000)
  region size 2048K, 17 young (34816K), 2 survivors (4096K)
 Metaspace       used 30078K, committed 30592K, reserved 1114112K
  class space    used 4101K, committed 4352K, reserved 1048576K
}
Event: 4.936 GC heap after
{Heap after GC invocations=7 (full 0):
 garbage-first heap   total 61440K, used 21227K [0x0000000744400000, 0x0000000800000000)
  region size 2048K, 3 young (6144K), 3 survivors (6144K)
 Metaspace       used 30078K, committed 30592K, reserved 1114112K
  class space    used 4101K, committed 4352K, reserved 1048576K
}
Event: 5.579 GC heap before
{Heap before GC invocations=7 (full 0):
 garbage-first heap   total 61440K, used 37611K [0x0000000744400000, 0x0000000800000000)
  region size 2048K, 12 young (24576K), 3 survivors (6144K)
 Metaspace       used 33131K, committed 33728K, reserved 1114112K
  class space    used 4546K, committed 4800K, reserved 1048576K
}
Event: 5.589 GC heap after
{Heap after GC invocations=8 (full 0):
 garbage-first heap   total 61440K, used 22579K [0x0000000744400000, 0x0000000800000000)
  region size 2048K, 1 young (2048K), 1 survivors (2048K)
 Metaspace       used 33131K, committed 33728K, reserved 1114112K
  class space    used 4546K, committed 4800K, reserved 1048576K
}
Event: 6.364 GC heap before
{Heap before GC invocations=9 (full 0):
 garbage-first heap   total 61440K, used 49203K [0x0000000744400000, 0x0000000800000000)
  region size 2048K, 14 young (28672K), 1 survivors (2048K)
 Metaspace       used 39526K, committed 40192K, reserved 1114112K
  class space    used 5450K, committed 5760K, reserved 1048576K
}
Event: 6.368 GC heap after
{Heap after GC invocations=10 (full 0):
 garbage-first heap   total 61440K, used 23456K [0x0000000744400000, 0x0000000800000000)
  region size 2048K, 2 young (4096K), 2 survivors (4096K)
 Metaspace       used 39526K, committed 40192K, reserved 1114112K
  class space    used 5450K, committed 5760K, reserved 1048576K
}
Event: 7.414 GC heap before
{Heap before GC invocations=10 (full 0):
 garbage-first heap   total 61440K, used 50080K [0x0000000744400000, 0x0000000800000000)
  region size 2048K, 15 young (30720K), 2 survivors (4096K)
 Metaspace       used 45469K, committed 46208K, reserved 1114112K
  class space    used 6318K, committed 6656K, reserved 1048576K
}
Event: 7.421 GC heap after
{Heap after GC invocations=11 (full 0):
 garbage-first heap   total 61440K, used 25019K [0x0000000744400000, 0x0000000800000000)
  region size 2048K, 2 young (4096K), 2 survivors (4096K)
 Metaspace       used 45469K, committed 46208K, reserved 1114112K
  class space    used 6318K, committed 6656K, reserved 1048576K
}

